{"C:\\Users\\jjasl\\high-risk_loan_application\\dist\\src\\api\\v1\\constants\\httpstatuscodes.js": {"path":"C:\\Users\\jjasl\\high-risk_loan_application\\dist\\src\\api\\v1\\constants\\httpstatuscodes.js","statementMap":{"0":{"start":{"line":2,"column":0},"end":{"line":2,"column":62}},"1":{"start":{"line":3,"column":0},"end":{"line":3,"column":29}},"2":{"start":{"line":4,"column":0},"end":{"line":12,"column":2}}},"fnMap":{},"branchMap":{},"s":{"0":2,"1":2,"2":2},"f":{},"b":{},"inputSourceMap":null,"_coverageSchema":"1a1c01bbd47fc00a2c39e90264f33305004495a9","hash":"a120bb798ccf0359177b71244bfdcf9ac2d739f5"}
,"C:\\Users\\jjasl\\high-risk_loan_application\\dist\\src\\api\\v1\\errors\\UnauthorizedError.js": {"path":"C:\\Users\\jjasl\\high-risk_loan_application\\dist\\src\\api\\v1\\errors\\UnauthorizedError.js","statementMap":{"0":{"start":{"line":2,"column":0},"end":{"line":2,"column":62}},"1":{"start":{"line":3,"column":0},"end":{"line":3,"column":35}},"2":{"start":{"line":4,"column":19},"end":{"line":4,"column":40}},"3":{"start":{"line":5,"column":26},"end":{"line":5,"column":65}},"4":{"start":{"line":8,"column":8},"end":{"line":8,"column":67}},"5":{"start":{"line":11,"column":0},"end":{"line":11,"column":46}}},"fnMap":{"0":{"name":"(anonymous_0)","decl":{"start":{"line":7,"column":4},"end":{"line":7,"column":5}},"loc":{"start":{"line":7,"column":49},"end":{"line":9,"column":5}},"line":7}},"branchMap":{"0":{"loc":{"start":{"line":7,"column":16},"end":{"line":7,"column":47}},"type":"default-arg","locations":[{"start":{"line":7,"column":26},"end":{"line":7,"column":47}}],"line":7}},"s":{"0":1,"1":1,"2":1,"3":1,"4":1,"5":1},"f":{"0":1},"b":{"0":[1]},"inputSourceMap":null,"_coverageSchema":"1a1c01bbd47fc00a2c39e90264f33305004495a9","hash":"03692733ecc2646fd77bdc18b798755f9e04dc9d"}
,"C:\\Users\\jjasl\\high-risk_loan_application\\dist\\src\\api\\v1\\errors\\appError.js": {"path":"C:\\Users\\jjasl\\high-risk_loan_application\\dist\\src\\api\\v1\\errors\\appError.js","statementMap":{"0":{"start":{"line":2,"column":0},"end":{"line":2,"column":62}},"1":{"start":{"line":3,"column":0},"end":{"line":3,"column":26}},"2":{"start":{"line":6,"column":8},"end":{"line":6,"column":23}},"3":{"start":{"line":7,"column":8},"end":{"line":7,"column":37}},"4":{"start":{"line":8,"column":8},"end":{"line":8,"column":43}},"5":{"start":{"line":9,"column":8},"end":{"line":9,"column":56}},"6":{"start":{"line":12,"column":0},"end":{"line":12,"column":28}}},"fnMap":{"0":{"name":"(anonymous_0)","decl":{"start":{"line":5,"column":4},"end":{"line":5,"column":5}},"loc":{"start":{"line":5,"column":59},"end":{"line":10,"column":5}},"line":5}},"branchMap":{"0":{"loc":{"start":{"line":5,"column":37},"end":{"line":5,"column":57}},"type":"default-arg","locations":[{"start":{"line":5,"column":53},"end":{"line":5,"column":57}}],"line":5}},"s":{"0":2,"1":2,"2":4,"3":4,"4":4,"5":4,"6":2},"f":{"0":4},"b":{"0":[4]},"inputSourceMap":null,"_coverageSchema":"1a1c01bbd47fc00a2c39e90264f33305004495a9","hash":"a76c0662201b0f081c355bd6f4620d65339d88a2"}
,"C:\\Users\\jjasl\\high-risk_loan_application\\dist\\src\\api\\v1\\errors\\badrequestError.js": {"path":"C:\\Users\\jjasl\\high-risk_loan_application\\dist\\src\\api\\v1\\errors\\badrequestError.js","statementMap":{"0":{"start":{"line":2,"column":0},"end":{"line":2,"column":62}},"1":{"start":{"line":3,"column":0},"end":{"line":3,"column":33}},"2":{"start":{"line":4,"column":19},"end":{"line":4,"column":40}},"3":{"start":{"line":5,"column":26},"end":{"line":5,"column":65}},"4":{"start":{"line":8,"column":8},"end":{"line":8,"column":66}},"5":{"start":{"line":11,"column":0},"end":{"line":11,"column":42}}},"fnMap":{"0":{"name":"(anonymous_0)","decl":{"start":{"line":7,"column":4},"end":{"line":7,"column":5}},"loc":{"start":{"line":7,"column":41},"end":{"line":9,"column":5}},"line":7}},"branchMap":{"0":{"loc":{"start":{"line":7,"column":16},"end":{"line":7,"column":39}},"type":"default-arg","locations":[{"start":{"line":7,"column":26},"end":{"line":7,"column":39}}],"line":7}},"s":{"0":1,"1":1,"2":1,"3":1,"4":1,"5":1},"f":{"0":1},"b":{"0":[0]},"inputSourceMap":null,"_coverageSchema":"1a1c01bbd47fc00a2c39e90264f33305004495a9","hash":"bf4f2c4d1e9e6630dad3d46b0fcda7462035dff3"}
,"C:\\Users\\jjasl\\high-risk_loan_application\\dist\\src\\api\\v1\\errors\\notfoundError.js": {"path":"C:\\Users\\jjasl\\high-risk_loan_application\\dist\\src\\api\\v1\\errors\\notfoundError.js","statementMap":{"0":{"start":{"line":2,"column":0},"end":{"line":2,"column":62}},"1":{"start":{"line":3,"column":0},"end":{"line":3,"column":31}},"2":{"start":{"line":4,"column":19},"end":{"line":4,"column":40}},"3":{"start":{"line":5,"column":26},"end":{"line":5,"column":65}},"4":{"start":{"line":8,"column":8},"end":{"line":8,"column":64}},"5":{"start":{"line":11,"column":0},"end":{"line":11,"column":38}}},"fnMap":{"0":{"name":"(anonymous_0)","decl":{"start":{"line":7,"column":4},"end":{"line":7,"column":5}},"loc":{"start":{"line":7,"column":48},"end":{"line":9,"column":5}},"line":7}},"branchMap":{"0":{"loc":{"start":{"line":7,"column":16},"end":{"line":7,"column":46}},"type":"default-arg","locations":[{"start":{"line":7,"column":26},"end":{"line":7,"column":46}}],"line":7}},"s":{"0":1,"1":1,"2":1,"3":1,"4":1,"5":1},"f":{"0":1},"b":{"0":[0]},"inputSourceMap":null,"_coverageSchema":"1a1c01bbd47fc00a2c39e90264f33305004495a9","hash":"50eb1ed600f4342de7761784d9139af4ef3bd55d"}
,"C:\\Users\\jjasl\\high-risk_loan_application\\dist\\src\\api\\v1\\utils\\errorutils.js": {"path":"C:\\Users\\jjasl\\high-risk_loan_application\\dist\\src\\api\\v1\\utils\\errorutils.js","statementMap":{"0":{"start":{"line":2,"column":0},"end":{"line":2,"column":62}},"1":{"start":{"line":3,"column":0},"end":{"line":3,"column":37}},"2":{"start":{"line":4,"column":19},"end":{"line":4,"column":48}},"3":{"start":{"line":5,"column":26},"end":{"line":5,"column":65}},"4":{"start":{"line":6,"column":28},"end":{"line":23,"column":1}},"5":{"start":{"line":7,"column":22},"end":{"line":7,"column":46}},"6":{"start":{"line":8,"column":4},"end":{"line":15,"column":5}},"7":{"start":{"line":9,"column":8},"end":{"line":14,"column":10}},"8":{"start":{"line":17,"column":4},"end":{"line":22,"column":6}},"9":{"start":{"line":24,"column":0},"end":{"line":24,"column":50}}},"fnMap":{"0":{"name":"(anonymous_0)","decl":{"start":{"line":6,"column":28},"end":{"line":6,"column":29}},"loc":{"start":{"line":6,"column":39},"end":{"line":23,"column":1}},"line":6}},"branchMap":{"0":{"loc":{"start":{"line":8,"column":4},"end":{"line":15,"column":5}},"type":"if","locations":[{"start":{"line":8,"column":4},"end":{"line":15,"column":5}},{"start":{},"end":{}}],"line":8}},"s":{"0":1,"1":1,"2":1,"3":1,"4":1,"5":1,"6":1,"7":1,"8":0,"9":1},"f":{"0":1},"b":{"0":[1,0]},"inputSourceMap":null,"_coverageSchema":"1a1c01bbd47fc00a2c39e90264f33305004495a9","hash":"b2466a0ab107761e18d727b1a53ea7d40b0dec90"}
,"C:\\Users\\jjasl\\high-risk_loan_application\\src\\api\\v1\\constants\\httpstatuscodes.ts": {"path":"C:\\Users\\jjasl\\high-risk_loan_application\\src\\api\\v1\\constants\\httpstatuscodes.ts","statementMap":{"0":{"start":{"line":1,"column":13},"end":{"line":9,"column":11}}},"fnMap":{},"branchMap":{},"s":{"0":2},"f":{},"b":{}}
,"C:\\Users\\jjasl\\high-risk_loan_application\\src\\api\\v1\\errors\\UnauthorizedError.ts": {"path":"C:\\Users\\jjasl\\high-risk_loan_application\\src\\api\\v1\\errors\\UnauthorizedError.ts","statementMap":{"0":{"start":{"line":1,"column":0},"end":{"line":1,"column":38}},"1":{"start":{"line":2,"column":0},"end":{"line":2,"column":59}},"2":{"start":{"line":6,"column":4},"end":{"line":6,"column":45}},"3":{"start":{"line":4,"column":0},"end":{"line":4,"column":13}}},"fnMap":{"0":{"name":"(anonymous_0)","decl":{"start":{"line":5,"column":2},"end":{"line":5,"column":14}},"loc":{"start":{"line":5,"column":45},"end":{"line":7,"column":3}}}},"branchMap":{"0":{"loc":{"start":{"line":5,"column":14},"end":{"line":5,"column":45}},"type":"default-arg","locations":[{"start":{"line":5,"column":24},"end":{"line":5,"column":45}}]}},"s":{"0":1,"1":1,"2":1,"3":1},"f":{"0":1},"b":{"0":[1]}}
,"C:\\Users\\jjasl\\high-risk_loan_application\\src\\api\\v1\\errors\\appError.ts": {"path":"C:\\Users\\jjasl\\high-risk_loan_application\\src\\api\\v1\\errors\\appError.ts","statementMap":{"0":{"start":{"line":8,"column":4},"end":{"line":8,"column":19}},"1":{"start":{"line":9,"column":4},"end":{"line":9,"column":33}},"2":{"start":{"line":10,"column":4},"end":{"line":10,"column":39}},"3":{"start":{"line":12,"column":4},"end":{"line":12,"column":52}},"4":{"start":{"line":3,"column":0},"end":{"line":3,"column":13}}},"fnMap":{"0":{"name":"(anonymous_0)","decl":{"start":{"line":7,"column":2},"end":{"line":7,"column":14}},"loc":{"start":{"line":7,"column":79},"end":{"line":13,"column":3}}}},"branchMap":{"0":{"loc":{"start":{"line":7,"column":59},"end":{"line":7,"column":79}},"type":"default-arg","locations":[{"start":{"line":7,"column":75},"end":{"line":7,"column":79}}]}},"s":{"0":4,"1":4,"2":4,"3":4,"4":2},"f":{"0":4},"b":{"0":[4]}}
,"C:\\Users\\jjasl\\high-risk_loan_application\\src\\api\\v1\\errors\\badrequestError.ts": {"path":"C:\\Users\\jjasl\\high-risk_loan_application\\src\\api\\v1\\errors\\badrequestError.ts","statementMap":{"0":{"start":{"line":1,"column":0},"end":{"line":1,"column":38}},"1":{"start":{"line":2,"column":0},"end":{"line":2,"column":59}},"2":{"start":{"line":6,"column":4},"end":{"line":6,"column":44}},"3":{"start":{"line":4,"column":0},"end":{"line":4,"column":13}}},"fnMap":{"0":{"name":"(anonymous_0)","decl":{"start":{"line":5,"column":2},"end":{"line":5,"column":14}},"loc":{"start":{"line":5,"column":37},"end":{"line":7,"column":3}}}},"branchMap":{"0":{"loc":{"start":{"line":5,"column":14},"end":{"line":5,"column":37}},"type":"default-arg","locations":[{"start":{"line":5,"column":24},"end":{"line":5,"column":37}}]}},"s":{"0":1,"1":1,"2":1,"3":1},"f":{"0":1},"b":{"0":[0]}}
,"C:\\Users\\jjasl\\high-risk_loan_application\\src\\api\\v1\\errors\\notfoundError.ts": {"path":"C:\\Users\\jjasl\\high-risk_loan_application\\src\\api\\v1\\errors\\notfoundError.ts","statementMap":{"0":{"start":{"line":1,"column":0},"end":{"line":1,"column":38}},"1":{"start":{"line":2,"column":0},"end":{"line":2,"column":59}},"2":{"start":{"line":6,"column":4},"end":{"line":6,"column":42}},"3":{"start":{"line":4,"column":0},"end":{"line":4,"column":13}}},"fnMap":{"0":{"name":"(anonymous_0)","decl":{"start":{"line":5,"column":2},"end":{"line":5,"column":14}},"loc":{"start":{"line":5,"column":44},"end":{"line":7,"column":3}}}},"branchMap":{"0":{"loc":{"start":{"line":5,"column":14},"end":{"line":5,"column":44}},"type":"default-arg","locations":[{"start":{"line":5,"column":24},"end":{"line":5,"column":44}}]}},"s":{"0":1,"1":1,"2":1,"3":1},"f":{"0":1},"b":{"0":[0]}}
,"C:\\Users\\jjasl\\high-risk_loan_application\\src\\api\\v1\\utils\\errorutils.ts": {"path":"C:\\Users\\jjasl\\high-risk_loan_application\\src\\api\\v1\\utils\\errorutils.ts","statementMap":{"0":{"start":{"line":1,"column":0},"end":{"line":1,"column":46}},"1":{"start":{"line":2,"column":0},"end":{"line":2,"column":59}},"2":{"start":{"line":4,"column":35},"end":{"line":23,"column":1}},"3":{"start":{"line":5,"column":20},"end":{"line":5,"column":44}},"4":{"start":{"line":7,"column":2},"end":{"line":14,"column":3}},"5":{"start":{"line":8,"column":4},"end":{"line":13,"column":6}},"6":{"start":{"line":17,"column":2},"end":{"line":22,"column":4}},"7":{"start":{"line":4,"column":13},"end":{"line":4,"column":35}}},"fnMap":{"0":{"name":"(anonymous_0)","decl":{"start":{"line":4,"column":35},"end":{"line":4,"column":36}},"loc":{"start":{"line":4,"column":54},"end":{"line":23,"column":1}}}},"branchMap":{"0":{"loc":{"start":{"line":7,"column":2},"end":{"line":14,"column":3}},"type":"if","locations":[{"start":{"line":7,"column":2},"end":{"line":14,"column":3}},{"start":{},"end":{}}]}},"s":{"0":1,"1":1,"2":1,"3":1,"4":1,"5":1,"6":0,"7":1},"f":{"0":1},"b":{"0":[1,0]}}
}
